<?xml version="1.0" encoding="UTF-8"?>
<!-- Generated by org.testng.reporters.JUnitReportReporter -->
<testsuite hostname="DESKTOP-V4VMHNU" failures="0" tests="3" name="testng.day4" time="0.003" errors="0" timestamp="2024-05-17T10:44:38 CEST" skipped="0">
  <testcase classname="testng.day4" name="MobileLoginHome" time="0.001"/>
  <system-out/>
  <testcase classname="testng.day4" name="LogInAPIHomeLoan" time="0.001"/>
  <system-out/>
  <testcase classname="testng.day4" name="WebLoginHome" time="0.001"/>
  <system-out/>
</testsuite> <!-- testng.day4 -->
