<?xml version="1.0" encoding="UTF-8"?>
<!-- Generated by org.testng.reporters.JUnitReportReporter -->
<testsuite hostname="DESKTOP-V4VMHNU" failures="0" tests="1" name="testng.PS1" time="0.008" errors="0" timestamp="2024-05-17T13:38:12 CEST" skipped="0">
  <testcase classname="testng.PS1" name="testRun" time="0.008"/>
  <system-out/>
</testsuite> <!-- testng.PS1 -->
