<?xml version="1.0" encoding="UTF-8"?>
<!-- Generated by org.testng.reporters.JUnitReportReporter -->
<testsuite hostname="DESKTOP-V4VMHNU" failures="0" tests="5" name="testng.day3" time="0.007" errors="0" timestamp="2024-05-17T10:44:38 CEST" skipped="1">
  <testcase classname="testng.day3" name="MobilSignOutloanCar" time="0.002"/>
  <system-out/>
  <testcase classname="testng.day3" name="WebloginCarLoan" time="0.001"/>
  <system-out/>
  <testcase classname="testng.day3" name="MobilSignOutloanCar" time="0.001"/>
  <system-out/>
  <testcase classname="testng.day3" name="MobilSignOutloanCar" time="0.003"/>
  <system-out/>
  <testcase classname="testng.day3" name="MobileSignincarLoan">
    <skipped/>
  </testcase> <!-- MobileSignincarLoan -->
  <system-out/>
</testsuite> <!-- testng.day3 -->
