<?xml version="1.0" encoding="UTF-8"?>
<!-- Generated by org.testng.reporters.JUnitReportReporter -->
<testsuite hostname="DESKTOP-V4VMHNU" failures="0" tests="1" name="testng.day2" time="0.000" errors="0" timestamp="2024-05-17T10:44:38 CEST" skipped="0">
  <testcase classname="testng.day2" name="ploan" time="0.000"/>
  <system-out/>
</testsuite> <!-- testng.day2 -->
